[ 2/3/2023, 8:30:42 PM ]: Error [TOKEN_INVALID]: An invalid token was provided.
[ 2/5/2023, 12:57:59 AM ]: DiscordAPIError: Missing Permissions
[ 2/5/2023, 1:00:15 AM ]: DiscordAPIError: Missing Permissions
[ 2/5/2023, 1:00:23 AM ]: DiscordAPIError: Missing Permissions
[ 2/5/2023, 1:03:38 AM ]: DiscordAPIError: Missing Permissions
[ 2/5/2023, 1:03:55 AM ]: DiscordAPIError: Invalid Form Body
embeds[0].title: Must be 256 or fewer in length.
[ 2/7/2023, 9:27:57 PM ]: TypeError: Cannot read properties of undefined (reading 'executor')
[ 2/20/2023, 12:19:20 AM ]: DiscordAPIError: Unknown Message
[ 2/20/2023, 12:20:28 AM ]: DiscordAPIError: Unknown Message
[ 2/22/2023, 3:43:17 PM ]: DiscordAPIError: Missing Permissions
[ 2/22/2023, 3:43:22 PM ]: DiscordAPIError: Missing Permissions
[ 2/22/2023, 5:24:37 PM ]: Yumi#6785 > /ticket (ERROR): TypeError: channel.send is not a function
[ 2/22/2023, 6:19:50 PM ]: DiscordAPIError: Unknown interaction
[40;31m[ 2/24/2023, 8:48:32 PM ]: Failed to load command [41;31mD:\code\JavaScript\Mtkiao Bot\commands\author\LeaveServer.js[0m
(ERROR) : Error: Cannot find module '../../config.json'
Require stack:
- D:\code\JavaScript\Mtkiao Bot\commands\author\LeaveServer.js
- D:\code\JavaScript\Mtkiao Bot\index.js)
[40;31m[ 2/24/2023, 8:48:32 PM ]: Failed to load command [41;31mD:\code\JavaScript\Mtkiao Bot\commands\author\ListServer.js[0m
(ERROR) : Error: Cannot find module '../../config.json'
Require stack:
- D:\code\JavaScript\Mtkiao Bot\commands\author\ListServer.js
- D:\code\JavaScript\Mtkiao Bot\index.js)
