[40;32m[ 1/18/2023, 10:36:04 PM ]: Successfully load command [42;32mleave_server[0m
[40;32m[ 1/18/2023, 10:36:04 PM ]: Successfully load command [42;32mlist_server[0m
[40;32m[ 1/18/2023, 10:36:04 PM ]: Successfully load command [42;32mbullshit[0m
[40;32m[ 1/18/2023, 10:36:06 PM ]: Successfully load command [42;32mauto_role[0m
[40;32m[ 1/18/2023, 10:36:06 PM ]: Successfully load command [42;32mban[0m
[40;32m[ 1/18/2023, 10:36:06 PM ]: Successfully load command [42;32mblacklist[0m
[40;32m[ 1/18/2023, 10:36:06 PM ]: Successfully load command [42;32mgive_everyone_role[0m
[40;32m[ 1/18/2023, 10:36:06 PM ]: Successfully load command [42;32mkick[0m
[40;32m[ 1/18/2023, 10:36:06 PM ]: Successfully load command [42;32mpurge[0m
[40;32m[ 1/18/2023, 10:36:06 PM ]: Successfully load command [42;32mset_cmd_channel[0m
[40;32m[ 1/18/2023, 10:36:06 PM ]: Successfully load command [42;32mticket[0m
[40;32m[ 1/18/2023, 10:36:06 PM ]: Successfully load command [42;32mtimeout[0m
[40;32m[ 1/18/2023, 10:36:06 PM ]: Successfully load command [42;32mtyping[0m
[40;32m[ 1/18/2023, 10:36:06 PM ]: Successfully load command [42;32mantinuke[0m
[40;32m[ 1/18/2023, 10:36:06 PM ]: Successfully load command [42;32mantispam[0m
[40;32m[ 1/18/2023, 10:36:06 PM ]: Successfully load command [42;32mscan[0m
[40;32m[ 1/18/2023, 10:36:06 PM ]: Successfully load command [42;32mavatar[0m
[40;32m[ 1/18/2023, 10:36:06 PM ]: Successfully load command [42;32mbotinfo[0m
[40;32m[ 1/18/2023, 10:36:06 PM ]: Successfully load command [42;32mhelp[0m
[40;32m[ 1/18/2023, 10:36:06 PM ]: Successfully load command [42;32minfo[0m
[40;32m[ 1/18/2023, 10:36:06 PM ]: Successfully load command [42;32mping[0m
[40;32m[ 1/18/2023, 10:36:08 PM ]: Successfully load command [42;32mrank[0m
[40;32m[ 1/18/2023, 10:36:08 PM ]: Successfully load command [42;32msetuplevel[0m
[40;32m[ 1/18/2023, 10:36:08 PM ]: Successfully load command [42;32mserverinfo[0m
[40;32m[ 1/18/2023, 10:36:08 PM ]: Successfully load command [42;32mtext[0m
[40;32m[ 1/18/2023, 10:36:08 PM ]: Successfully load event [42;32mguildMemberAdd[0m
[40;32m[ 1/18/2023, 10:36:08 PM ]: Successfully load event [42;32mguildMemberAdd[0m
[40;32m[ 1/18/2023, 10:36:08 PM ]: Successfully load event [42;32mmessageCreate[0m
[40;32m[ 1/18/2023, 10:36:08 PM ]: Successfully load event [42;32mmessageCreate[0m
[40;32m[ 1/18/2023, 10:36:08 PM ]: Successfully load event [42;32mchannelCreate[0m
[40;32m[ 1/18/2023, 10:36:08 PM ]: Successfully load event [42;32mchannelDelete[0m
[40;32m[ 1/18/2023, 10:36:08 PM ]: Successfully load event [42;32mroleUpdate[0m
[40;32m[ 1/18/2023, 10:36:08 PM ]: Successfully load event [42;32mmessageCreate[0m
[40;32m[ 1/18/2023, 10:36:08 PM ]: Successfully load event [42;32minteractionCreate[0m
[40;32m[ 1/18/2023, 10:36:08 PM ]: Successfully load event [42;32minteractionCreate[0m
[ 1/18/2023, 10:36:09 PM ]: Ready! Login Bot: Mtkiao Bot BETA#1005
[40;32m[ 1/25/2023, 4:18:47 PM ]: Successfully load command [42;32mleave_server[0m
[40;32m[ 1/25/2023, 4:18:48 PM ]: Successfully load command [42;32mlist_server[0m
[40;32m[ 1/25/2023, 4:18:48 PM ]: Successfully load command [42;32mbullshit[0m
[40;32m[ 1/25/2023, 4:18:49 PM ]: Successfully load command [42;32mauto_role[0m
[40;32m[ 1/25/2023, 4:18:49 PM ]: Successfully load command [42;32mban[0m
[40;32m[ 1/25/2023, 4:18:49 PM ]: Successfully load command [42;32mblacklist[0m
[40;32m[ 1/25/2023, 4:18:49 PM ]: Successfully load command [42;32mgive_everyone_role[0m
[40;32m[ 1/25/2023, 4:18:49 PM ]: Successfully load command [42;32mkick[0m
[40;32m[ 1/25/2023, 4:18:49 PM ]: Successfully load command [42;32mpurge[0m
[40;32m[ 1/25/2023, 4:18:49 PM ]: Successfully load command [42;32mset_cmd_channel[0m
[40;32m[ 1/25/2023, 4:18:49 PM ]: Successfully load command [42;32mticket[0m
[40;32m[ 1/25/2023, 4:18:50 PM ]: Successfully load command [42;32mtimeout[0m
[40;32m[ 1/25/2023, 4:18:50 PM ]: Successfully load command [42;32mtyping[0m
[40;32m[ 1/25/2023, 4:18:50 PM ]: Successfully load command [42;32mantinuke[0m
[40;32m[ 1/25/2023, 4:18:50 PM ]: Successfully load command [42;32mantispam[0m
[40;32m[ 1/25/2023, 4:18:50 PM ]: Successfully load command [42;32mscan[0m
[40;32m[ 1/25/2023, 4:18:50 PM ]: Successfully load command [42;32mavatar[0m
[40;32m[ 1/25/2023, 4:18:50 PM ]: Successfully load command [42;32mbotinfo[0m
[40;32m[ 1/25/2023, 4:18:50 PM ]: Successfully load command [42;32mhelp[0m
[40;32m[ 1/25/2023, 4:18:50 PM ]: Successfully load command [42;32minfo[0m
[40;32m[ 1/25/2023, 4:18:50 PM ]: Successfully load command [42;32mping[0m
[40;32m[ 1/25/2023, 4:18:51 PM ]: Successfully load command [42;32mrank[0m
[40;32m[ 1/25/2023, 4:18:51 PM ]: Successfully load command [42;32msetuplevel[0m
[40;32m[ 1/25/2023, 4:18:51 PM ]: Successfully load command [42;32mserverinfo[0m
[40;32m[ 1/25/2023, 4:18:52 PM ]: Successfully load command [42;32mtext[0m
[40;32m[ 1/25/2023, 4:18:52 PM ]: Successfully load event [42;32mguildMemberAdd[0m
[40;32m[ 1/25/2023, 4:18:52 PM ]: Successfully load event [42;32mguildMemberAdd[0m
[40;32m[ 1/25/2023, 4:18:52 PM ]: Successfully load event [42;32mmessageCreate[0m
[40;32m[ 1/25/2023, 4:18:52 PM ]: Successfully load event [42;32mmessageCreate[0m
[40;32m[ 1/25/2023, 4:18:52 PM ]: Successfully load event [42;32mchannelCreate[0m
[40;32m[ 1/25/2023, 4:18:52 PM ]: Successfully load event [42;32mchannelDelete[0m
[40;32m[ 1/25/2023, 4:18:52 PM ]: Successfully load event [42;32mroleUpdate[0m
[40;32m[ 1/25/2023, 4:18:52 PM ]: Successfully load event [42;32mmessageCreate[0m
[40;32m[ 1/25/2023, 4:18:52 PM ]: Successfully load event [42;32minteractionCreate[0m
[40;32m[ 1/25/2023, 4:18:52 PM ]: Successfully load event [42;32minteractionCreate[0m
[ 1/25/2023, 4:18:54 PM ]: Ready! Login Bot: Mtkiao Bot#7353
[ 1/25/2023, 4:19:18 PM ]: mtkiao129#2443 > /botinfo
[ 1/25/2023, 4:22:19 PM ]: mtkiao129#2443 > /scan
[ 1/25/2023, 4:22:23 PM ]: mtkiao129#2443 > /antinuke
[ 1/25/2023, 4:22:50 PM ]: mtkiao129#2443 > /antispam
[ 1/25/2023, 11:51:21 PM ]: mtkiao129#2443 > /setuplevel
[ 1/26/2023, 8:06:02 PM ]: mtkiao129#2443 > /ping
[40;32m[ 2/3/2023, 8:09:02 PM ]: Successfully load command [42;32mleave_server[0m
[40;32m[ 2/3/2023, 8:09:02 PM ]: Successfully load command [42;32mlist_server[0m
[40;32m[ 2/3/2023, 8:09:02 PM ]: Successfully load command [42;32mbullshit[0m
[40;32m[ 2/3/2023, 8:09:02 PM ]: Successfully load command [42;32mauto_role[0m
[40;32m[ 2/3/2023, 8:09:02 PM ]: Successfully load command [42;32mban[0m
[40;32m[ 2/3/2023, 8:09:02 PM ]: Successfully load command [42;32mblacklist[0m
[40;32m[ 2/3/2023, 8:09:02 PM ]: Successfully load command [42;32mgive_everyone_role[0m
[40;32m[ 2/3/2023, 8:09:02 PM ]: Successfully load command [42;32mkick[0m
[40;32m[ 2/3/2023, 8:09:02 PM ]: Successfully load command [42;32mpurge[0m
[40;32m[ 2/3/2023, 8:09:02 PM ]: Successfully load command [42;32mset_cmd_channel[0m
[40;32m[ 2/3/2023, 8:09:02 PM ]: Successfully load command [42;32mticket[0m
[40;32m[ 2/3/2023, 8:09:02 PM ]: Successfully load command [42;32mtimeout[0m
[40;32m[ 2/3/2023, 8:09:02 PM ]: Successfully load command [42;32mtyping[0m
[40;32m[ 2/3/2023, 8:09:02 PM ]: Successfully load command [42;32mantinuke[0m
[40;32m[ 2/3/2023, 8:09:02 PM ]: Successfully load command [42;32mantispam[0m
[40;32m[ 2/3/2023, 8:09:02 PM ]: Successfully load command [42;32mscan[0m
[40;32m[ 2/3/2023, 8:09:02 PM ]: Successfully load command [42;32mavatar[0m
[40;32m[ 2/3/2023, 8:09:02 PM ]: Successfully load command [42;32mbotinfo[0m
[40;32m[ 2/3/2023, 8:09:02 PM ]: Successfully load command [42;32mhelp[0m
[40;32m[ 2/3/2023, 8:09:02 PM ]: Successfully load command [42;32minfo[0m
[40;32m[ 2/3/2023, 8:09:02 PM ]: Successfully load command [42;32mping[0m
[40;32m[ 2/3/2023, 8:09:02 PM ]: Successfully load command [42;32mrank[0m
[40;32m[ 2/3/2023, 8:09:02 PM ]: Successfully load command [42;32msetuplevel[0m
[40;32m[ 2/3/2023, 8:09:02 PM ]: Successfully load command [42;32mserverinfo[0m
[40;32m[ 2/3/2023, 8:09:02 PM ]: Successfully load command [42;32mtext[0m
[40;32m[ 2/3/2023, 8:09:02 PM ]: Successfully load event [42;32mguildMemberAdd[0m
[40;32m[ 2/3/2023, 8:09:02 PM ]: Successfully load event [42;32mguildMemberAdd[0m
[40;32m[ 2/3/2023, 8:09:02 PM ]: Successfully load event [42;32mmessageCreate[0m
[40;32m[ 2/3/2023, 8:09:02 PM ]: Successfully load event [42;32mmessageCreate[0m
[40;32m[ 2/3/2023, 8:09:02 PM ]: Successfully load event [42;32mchannelCreate[0m
[40;32m[ 2/3/2023, 8:09:02 PM ]: Successfully load event [42;32mchannelDelete[0m
[40;32m[ 2/3/2023, 8:09:02 PM ]: Successfully load event [42;32mroleUpdate[0m
[40;32m[ 2/3/2023, 8:09:02 PM ]: Successfully load event [42;32mmessageCreate[0m
[40;32m[ 2/3/2023, 8:09:02 PM ]: Successfully load event [42;32minteractionCreate[0m
[40;32m[ 2/3/2023, 8:09:02 PM ]: Successfully load event [42;32minteractionCreate[0m
[ 2/3/2023, 8:09:04 PM ]: Ready! Login Bot: Mtkiao Bot BETA#1005
[ 2/3/2023, 8:09:11 PM ]: mtkiao129#2443 > /setuplevel
[ 2/3/2023, 8:09:33 PM ]: mtkiao129#2443 > /rank
[ 2/3/2023, 8:09:53 PM ]: mtkiao129#2443 > /rank
[ 2/3/2023, 8:10:12 PM ]: mtkiao129#2443 > /rank
[ 2/3/2023, 8:10:20 PM ]: mtkiao129#2443 > /setuplevel
[ 2/3/2023, 8:10:43 PM ]: mtkiao129#2443 > /rank
[ 2/3/2023, 8:11:05 PM ]: mtkiao129#2443 > /rank
[ 2/3/2023, 8:12:02 PM ]: mtkiao129#2443 > /rank
[ 2/3/2023, 8:19:01 PM ]: mtkiao129#2443 > /rank
[ 2/3/2023, 8:20:43 PM ]: mtkiao129#2443 > /rank
[40;32m[ 2/3/2023, 8:24:37 PM ]: Successfully load command [42;32mleave_server[0m
[40;32m[ 2/3/2023, 8:24:37 PM ]: Successfully load command [42;32mlist_server[0m
[40;32m[ 2/3/2023, 8:24:37 PM ]: Successfully load command [42;32mbullshit[0m
[40;32m[ 2/3/2023, 8:24:38 PM ]: Successfully load command [42;32mauto_role[0m
[40;32m[ 2/3/2023, 8:24:38 PM ]: Successfully load command [42;32mban[0m
[40;32m[ 2/3/2023, 8:24:38 PM ]: Successfully load command [42;32mblacklist[0m
[40;32m[ 2/3/2023, 8:24:38 PM ]: Successfully load command [42;32mgive_everyone_role[0m
[40;32m[ 2/3/2023, 8:24:38 PM ]: Successfully load command [42;32mkick[0m
[40;32m[ 2/3/2023, 8:24:38 PM ]: Successfully load command [42;32mpurge[0m
[40;32m[ 2/3/2023, 8:24:38 PM ]: Successfully load command [42;32mset_cmd_channel[0m
[40;32m[ 2/3/2023, 8:24:38 PM ]: Successfully load command [42;32mticket[0m
[40;32m[ 2/3/2023, 8:24:38 PM ]: Successfully load command [42;32mtimeout[0m
[40;32m[ 2/3/2023, 8:24:38 PM ]: Successfully load command [42;32mtyping[0m
[40;32m[ 2/3/2023, 8:24:38 PM ]: Successfully load command [42;32mantinuke[0m
[40;32m[ 2/3/2023, 8:24:38 PM ]: Successfully load command [42;32mantispam[0m
[40;32m[ 2/3/2023, 8:24:38 PM ]: Successfully load command [42;32mscan[0m
[40;32m[ 2/3/2023, 8:24:38 PM ]: Successfully load command [42;32mavatar[0m
[40;32m[ 2/3/2023, 8:24:38 PM ]: Successfully load command [42;32mbotinfo[0m
[40;32m[ 2/3/2023, 8:24:38 PM ]: Successfully load command [42;32mhelp[0m
[40;32m[ 2/3/2023, 8:24:38 PM ]: Successfully load command [42;32minfo[0m
[40;32m[ 2/3/2023, 8:24:38 PM ]: Successfully load command [42;32mping[0m
[40;32m[ 2/3/2023, 8:24:38 PM ]: Successfully load command [42;32mrank[0m
[40;32m[ 2/3/2023, 8:24:38 PM ]: Successfully load command [42;32msetuplevel[0m
[40;32m[ 2/3/2023, 8:24:38 PM ]: Successfully load command [42;32mserverinfo[0m
[40;32m[ 2/3/2023, 8:24:38 PM ]: Successfully load command [42;32mtext[0m
[40;32m[ 2/3/2023, 8:24:38 PM ]: Successfully load event [42;32mguildMemberAdd[0m
[40;32m[ 2/3/2023, 8:24:38 PM ]: Successfully load event [42;32mguildMemberAdd[0m
[40;32m[ 2/3/2023, 8:24:38 PM ]: Successfully load event [42;32mmessageCreate[0m
[40;32m[ 2/3/2023, 8:24:38 PM ]: Successfully load event [42;32mmessageCreate[0m
[40;32m[ 2/3/2023, 8:24:38 PM ]: Successfully load event [42;32mchannelCreate[0m
[40;32m[ 2/3/2023, 8:24:38 PM ]: Successfully load event [42;32mchannelDelete[0m
[40;32m[ 2/3/2023, 8:24:38 PM ]: Successfully load event [42;32mroleUpdate[0m
[40;32m[ 2/3/2023, 8:24:38 PM ]: Successfully load event [42;32mmessageCreate[0m
[40;32m[ 2/3/2023, 8:24:38 PM ]: Successfully load event [42;32minteractionCreate[0m
[40;32m[ 2/3/2023, 8:24:38 PM ]: Successfully load event [42;32minteractionCreate[0m
[ 2/3/2023, 8:24:39 PM ]: Ready! Login Bot: Mtkiao Bot BETA#1005
[ 2/3/2023, 8:24:59 PM ]: mtkiao129#2443 > /rank
[ 2/3/2023, 8:25:34 PM ]: mtkiao129#2443 > /rank
[ 2/3/2023, 8:25:52 PM ]: mtkiao129#2443 > /setuplevel
[40;32m[ 2/3/2023, 8:30:41 PM ]: Successfully load command [42;32mleave_server[0m
[40;32m[ 2/3/2023, 8:30:41 PM ]: Successfully load command [42;32mlist_server[0m
[40;32m[ 2/3/2023, 8:30:41 PM ]: Successfully load command [42;32mbullshit[0m
[40;32m[ 2/3/2023, 8:30:42 PM ]: Successfully load command [42;32mauto_role[0m
[40;32m[ 2/3/2023, 8:30:42 PM ]: Successfully load command [42;32mban[0m
[40;32m[ 2/3/2023, 8:30:42 PM ]: Successfully load command [42;32mblacklist[0m
[40;32m[ 2/3/2023, 8:30:42 PM ]: Successfully load command [42;32mgive_everyone_role[0m
[40;32m[ 2/3/2023, 8:30:42 PM ]: Successfully load command [42;32mkick[0m
[40;32m[ 2/3/2023, 8:30:42 PM ]: Successfully load command [42;32mpurge[0m
[40;32m[ 2/3/2023, 8:30:42 PM ]: Successfully load command [42;32mset_cmd_channel[0m
[40;32m[ 2/3/2023, 8:30:42 PM ]: Successfully load command [42;32mticket[0m
[40;32m[ 2/3/2023, 8:30:42 PM ]: Successfully load command [42;32mtimeout[0m
[40;32m[ 2/3/2023, 8:30:42 PM ]: Successfully load command [42;32mtyping[0m
[40;32m[ 2/3/2023, 8:30:42 PM ]: Successfully load command [42;32mantinuke[0m
[40;32m[ 2/3/2023, 8:30:42 PM ]: Successfully load command [42;32mantispam[0m
[40;32m[ 2/3/2023, 8:30:42 PM ]: Successfully load command [42;32mscan[0m
[40;32m[ 2/3/2023, 8:30:42 PM ]: Successfully load command [42;32mavatar[0m
[40;32m[ 2/3/2023, 8:30:42 PM ]: Successfully load command [42;32mbotinfo[0m
[40;32m[ 2/3/2023, 8:30:42 PM ]: Successfully load command [42;32mhelp[0m
[40;32m[ 2/3/2023, 8:30:42 PM ]: Successfully load command [42;32minfo[0m
[40;32m[ 2/3/2023, 8:30:42 PM ]: Successfully load command [42;32mping[0m
[40;32m[ 2/3/2023, 8:30:42 PM ]: Successfully load command [42;32mrank[0m
[40;32m[ 2/3/2023, 8:30:42 PM ]: Successfully load command [42;32msetuplevel[0m
[40;32m[ 2/3/2023, 8:30:42 PM ]: Successfully load command [42;32mserverinfo[0m
[40;32m[ 2/3/2023, 8:30:42 PM ]: Successfully load command [42;32mtext[0m
[40;32m[ 2/3/2023, 8:30:42 PM ]: Successfully load event [42;32mguildMemberAdd[0m
[40;32m[ 2/3/2023, 8:30:42 PM ]: Successfully load event [42;32mguildMemberAdd[0m
[40;32m[ 2/3/2023, 8:30:42 PM ]: Successfully load event [42;32mmessageCreate[0m
[40;32m[ 2/3/2023, 8:30:42 PM ]: Successfully load event [42;32mmessageCreate[0m
[40;32m[ 2/3/2023, 8:30:42 PM ]: Successfully load event [42;32mchannelCreate[0m
[40;32m[ 2/3/2023, 8:30:42 PM ]: Successfully load event [42;32mchannelDelete[0m
[40;32m[ 2/3/2023, 8:30:42 PM ]: Successfully load event [42;32mroleUpdate[0m
[40;32m[ 2/3/2023, 8:30:42 PM ]: Successfully load event [42;32mmessageCreate[0m
[40;32m[ 2/3/2023, 8:30:42 PM ]: Successfully load event [42;32minteractionCreate[0m
[40;32m[ 2/3/2023, 8:30:42 PM ]: Successfully load event [42;32minteractionCreate[0m
[ 2/3/2023, 8:30:42 PM ]: Error [TOKEN_INVALID]: An invalid token was provided.
[40;32m[ 2/3/2023, 8:31:04 PM ]: Successfully load command [42;32mleave_server[0m
[40;32m[ 2/3/2023, 8:31:04 PM ]: Successfully load command [42;32mlist_server[0m
[40;32m[ 2/3/2023, 8:31:04 PM ]: Successfully load command [42;32mbullshit[0m
[40;32m[ 2/3/2023, 8:31:04 PM ]: Successfully load command [42;32mauto_role[0m
[40;32m[ 2/3/2023, 8:31:04 PM ]: Successfully load command [42;32mban[0m
[40;32m[ 2/3/2023, 8:31:04 PM ]: Successfully load command [42;32mblacklist[0m
[40;32m[ 2/3/2023, 8:31:04 PM ]: Successfully load command [42;32mgive_everyone_role[0m
[40;32m[ 2/3/2023, 8:31:04 PM ]: Successfully load command [42;32mkick[0m
[40;32m[ 2/3/2023, 8:31:04 PM ]: Successfully load command [42;32mpurge[0m
[40;32m[ 2/3/2023, 8:31:04 PM ]: Successfully load command [42;32mset_cmd_channel[0m
[40;32m[ 2/3/2023, 8:31:04 PM ]: Successfully load command [42;32mticket[0m
[40;32m[ 2/3/2023, 8:31:04 PM ]: Successfully load command [42;32mtimeout[0m
[40;32m[ 2/3/2023, 8:31:04 PM ]: Successfully load command [42;32mtyping[0m
[40;32m[ 2/3/2023, 8:31:04 PM ]: Successfully load command [42;32mantinuke[0m
[40;32m[ 2/3/2023, 8:31:04 PM ]: Successfully load command [42;32mantispam[0m
[40;32m[ 2/3/2023, 8:31:04 PM ]: Successfully load command [42;32mscan[0m
[40;32m[ 2/3/2023, 8:31:04 PM ]: Successfully load command [42;32mavatar[0m
[40;32m[ 2/3/2023, 8:31:04 PM ]: Successfully load command [42;32mbotinfo[0m
[40;32m[ 2/3/2023, 8:31:04 PM ]: Successfully load command [42;32mhelp[0m
[40;32m[ 2/3/2023, 8:31:04 PM ]: Successfully load command [42;32minfo[0m
[40;32m[ 2/3/2023, 8:31:04 PM ]: Successfully load command [42;32mping[0m
[40;32m[ 2/3/2023, 8:31:04 PM ]: Successfully load command [42;32mrank[0m
[40;32m[ 2/3/2023, 8:31:04 PM ]: Successfully load command [42;32msetuplevel[0m
[40;32m[ 2/3/2023, 8:31:04 PM ]: Successfully load command [42;32mserverinfo[0m
[40;32m[ 2/3/2023, 8:31:04 PM ]: Successfully load command [42;32mtext[0m
[40;32m[ 2/3/2023, 8:31:04 PM ]: Successfully load event [42;32mguildMemberAdd[0m
[40;32m[ 2/3/2023, 8:31:04 PM ]: Successfully load event [42;32mguildMemberAdd[0m
[40;32m[ 2/3/2023, 8:31:04 PM ]: Successfully load event [42;32mmessageCreate[0m
[40;32m[ 2/3/2023, 8:31:04 PM ]: Successfully load event [42;32mmessageCreate[0m
[40;32m[ 2/3/2023, 8:31:04 PM ]: Successfully load event [42;32mchannelCreate[0m
[40;32m[ 2/3/2023, 8:31:04 PM ]: Successfully load event [42;32mchannelDelete[0m
[40;32m[ 2/3/2023, 8:31:04 PM ]: Successfully load event [42;32mroleUpdate[0m
[40;32m[ 2/3/2023, 8:31:04 PM ]: Successfully load event [42;32mmessageCreate[0m
[40;32m[ 2/3/2023, 8:31:04 PM ]: Successfully load event [42;32minteractionCreate[0m
[40;32m[ 2/3/2023, 8:31:04 PM ]: Successfully load event [42;32minteractionCreate[0m
[ 2/3/2023, 8:31:06 PM ]: Ready! Login Bot: Mtkiao Bot#7353
[40;32m[ 2/3/2023, 8:32:15 PM ]: Successfully load command [42;32mleave_server[0m
[40;32m[ 2/3/2023, 8:32:15 PM ]: Successfully load command [42;32mlist_server[0m
[40;32m[ 2/3/2023, 8:32:15 PM ]: Successfully load command [42;32mbullshit[0m
[40;32m[ 2/3/2023, 8:32:15 PM ]: Successfully load command [42;32mauto_role[0m
[40;32m[ 2/3/2023, 8:32:15 PM ]: Successfully load command [42;32mban[0m
[40;32m[ 2/3/2023, 8:32:15 PM ]: Successfully load command [42;32mblacklist[0m
[40;32m[ 2/3/2023, 8:32:15 PM ]: Successfully load command [42;32mgive_everyone_role[0m
[40;32m[ 2/3/2023, 8:32:15 PM ]: Successfully load command [42;32mkick[0m
[40;32m[ 2/3/2023, 8:32:15 PM ]: Successfully load command [42;32mpurge[0m
[40;32m[ 2/3/2023, 8:32:15 PM ]: Successfully load command [42;32mset_cmd_channel[0m
[40;32m[ 2/3/2023, 8:32:15 PM ]: Successfully load command [42;32mticket[0m
[40;32m[ 2/3/2023, 8:32:15 PM ]: Successfully load command [42;32mtimeout[0m
[40;32m[ 2/3/2023, 8:32:15 PM ]: Successfully load command [42;32mtyping[0m
[40;32m[ 2/3/2023, 8:32:15 PM ]: Successfully load command [42;32mantinuke[0m
[40;32m[ 2/3/2023, 8:32:15 PM ]: Successfully load command [42;32mantispam[0m
[40;32m[ 2/3/2023, 8:32:15 PM ]: Successfully load command [42;32mscan[0m
[40;32m[ 2/3/2023, 8:32:15 PM ]: Successfully load command [42;32mavatar[0m
[40;32m[ 2/3/2023, 8:32:15 PM ]: Successfully load command [42;32mbotinfo[0m
[40;32m[ 2/3/2023, 8:32:15 PM ]: Successfully load command [42;32mhelp[0m
[40;32m[ 2/3/2023, 8:32:15 PM ]: Successfully load command [42;32minfo[0m
[40;32m[ 2/3/2023, 8:32:15 PM ]: Successfully load command [42;32mping[0m
[40;32m[ 2/3/2023, 8:32:15 PM ]: Successfully load command [42;32mrank[0m
[40;32m[ 2/3/2023, 8:32:15 PM ]: Successfully load command [42;32msetuplevel[0m
[40;32m[ 2/3/2023, 8:32:15 PM ]: Successfully load command [42;32mserverinfo[0m
[40;32m[ 2/3/2023, 8:32:15 PM ]: Successfully load command [42;32mtext[0m
[40;32m[ 2/3/2023, 8:32:15 PM ]: Successfully load event [42;32mguildMemberAdd[0m
[40;32m[ 2/3/2023, 8:32:15 PM ]: Successfully load event [42;32mguildMemberAdd[0m
[40;32m[ 2/3/2023, 8:32:15 PM ]: Successfully load event [42;32mmessageCreate[0m
[40;32m[ 2/3/2023, 8:32:15 PM ]: Successfully load event [42;32mmessageCreate[0m
[40;32m[ 2/3/2023, 8:32:15 PM ]: Successfully load event [42;32mchannelCreate[0m
[40;32m[ 2/3/2023, 8:32:15 PM ]: Successfully load event [42;32mchannelDelete[0m
[40;32m[ 2/3/2023, 8:32:15 PM ]: Successfully load event [42;32mroleUpdate[0m
[40;32m[ 2/3/2023, 8:32:15 PM ]: Successfully load event [42;32mmessageCreate[0m
[40;32m[ 2/3/2023, 8:32:15 PM ]: Successfully load event [42;32minteractionCreate[0m
[40;32m[ 2/3/2023, 8:32:15 PM ]: Successfully load event [42;32minteractionCreate[0m
[ 2/3/2023, 8:32:17 PM ]: Ready! Login Bot: Mtkiao Bot#7353
[ 2/3/2023, 10:39:07 PM ]: Closure#6510 > /scan
[ 2/4/2023, 12:06:02 AM ]: !  Hoyiqiang#8571 > /scan
[ 2/4/2023, 3:00:37 PM ]: PYAS_Dev#0629 > /serverinfo
[ 2/4/2023, 3:01:08 PM ]: PYAS_Dev#0629 > /botinfo
[ 2/4/2023, 9:28:30 PM ]: fufan#0632 > /help
[ 2/4/2023, 9:28:47 PM ]: fufan#0632 > /help
[ 2/4/2023, 9:30:39 PM ]: fufan#0632 > /ticket
[ 2/4/2023, 9:37:26 PM ]: PYAS_Dev#0629 > /botinfo
[ 2/4/2023, 9:40:08 PM ]: fufan#0632 > /ticket
[ 2/5/2023, 12:55:36 AM ]: mtkiao129#2443 > /scan
[ 2/5/2023, 12:56:30 AM ]: mtkiao129#2443 > /text
[ 2/5/2023, 12:56:51 AM ]: mtkiao129#2443 > /text
[ 2/5/2023, 12:57:02 AM ]: mtkiao129#2443 > /text
[ 2/5/2023, 12:57:58 AM ]: mtkiao129#2443 > /ban
[ 2/5/2023, 12:57:59 AM ]: DiscordAPIError: Missing Permissions
[ 2/5/2023, 1:00:15 AM ]: mtkiao129#2443 > /ban
[ 2/5/2023, 1:00:15 AM ]: DiscordAPIError: Missing Permissions
[ 2/5/2023, 1:00:23 AM ]: mtkiao129#2443 > /ban
[ 2/5/2023, 1:00:23 AM ]: DiscordAPIError: Missing Permissions
[ 2/5/2023, 1:03:37 AM ]: mtkiao129#2443 > /kick
[ 2/5/2023, 1:03:38 AM ]: DiscordAPIError: Missing Permissions
[ 2/5/2023, 1:03:54 AM ]: mtkiao129#2443 > /bullshit
[ 2/5/2023, 1:03:55 AM ]: DiscordAPIError: Invalid Form Body
embeds[0].title: Must be 256 or fewer in length.
[ 2/5/2023, 1:04:22 AM ]: mtkiao129#2443 > /rank
[ 2/5/2023, 1:07:16 AM ]: mtkiao129#2443 > /serverinfo
[ 2/5/2023, 1:07:30 AM ]: mtkiao129#2443 > /blacklist
[ 2/5/2023, 1:07:44 AM ]: PYAS_Dev#0629 > /botinfo
[ 2/5/2023, 1:16:59 AM ]: mtkiao129#2443 > /text
[40;32m[ 2/5/2023, 11:01:57 AM ]: Successfully load command [42;32mleave_server[0m
[40;32m[ 2/5/2023, 11:01:57 AM ]: Successfully load command [42;32mlist_server[0m
[40;32m[ 2/5/2023, 11:01:57 AM ]: Successfully load command [42;32mbullshit[0m
[40;32m[ 2/5/2023, 11:01:59 AM ]: Successfully load command [42;32mauto_role[0m
[40;32m[ 2/5/2023, 11:01:59 AM ]: Successfully load command [42;32mban[0m
[40;32m[ 2/5/2023, 11:01:59 AM ]: Successfully load command [42;32mblacklist[0m
[40;32m[ 2/5/2023, 11:01:59 AM ]: Successfully load command [42;32mgive_everyone_role[0m
[40;32m[ 2/5/2023, 11:01:59 AM ]: Successfully load command [42;32mkick[0m
[40;32m[ 2/5/2023, 11:01:59 AM ]: Successfully load command [42;32mpurge[0m
[40;32m[ 2/5/2023, 11:01:59 AM ]: Successfully load command [42;32mset_cmd_channel[0m
[40;32m[ 2/5/2023, 11:01:59 AM ]: Successfully load command [42;32mticket[0m
[40;32m[ 2/5/2023, 11:01:59 AM ]: Successfully load command [42;32mtimeout[0m
[40;32m[ 2/5/2023, 11:01:59 AM ]: Successfully load command [42;32mtyping[0m
[40;32m[ 2/5/2023, 11:01:59 AM ]: Successfully load command [42;32mantinuke[0m
[40;32m[ 2/5/2023, 11:01:59 AM ]: Successfully load command [42;32mantispam[0m
[40;32m[ 2/5/2023, 11:01:59 AM ]: Successfully load command [42;32mscan[0m
[40;32m[ 2/5/2023, 11:01:59 AM ]: Successfully load command [42;32mavatar[0m
[40;32m[ 2/5/2023, 11:01:59 AM ]: Successfully load command [42;32mbotinfo[0m
[40;32m[ 2/5/2023, 11:01:59 AM ]: Successfully load command [42;32mhelp[0m
[40;32m[ 2/5/2023, 11:01:59 AM ]: Successfully load command [42;32minfo[0m
[40;32m[ 2/5/2023, 11:01:59 AM ]: Successfully load command [42;32mping[0m
[40;32m[ 2/5/2023, 11:02:01 AM ]: Successfully load command [42;32mrank[0m
[40;32m[ 2/5/2023, 11:02:01 AM ]: Successfully load command [42;32msetuplevel[0m
[40;32m[ 2/5/2023, 11:02:01 AM ]: Successfully load command [42;32mserverinfo[0m
[40;32m[ 2/5/2023, 11:02:01 AM ]: Successfully load command [42;32mtext[0m
[40;32m[ 2/5/2023, 11:02:01 AM ]: Successfully load event [42;32mguildMemberAdd[0m
[40;32m[ 2/5/2023, 11:02:01 AM ]: Successfully load event [42;32mguildMemberAdd[0m
[40;32m[ 2/5/2023, 11:02:01 AM ]: Successfully load event [42;32mmessageCreate[0m
[40;32m[ 2/5/2023, 11:02:01 AM ]: Successfully load event [42;32mmessageCreate[0m
[40;32m[ 2/5/2023, 11:02:01 AM ]: Successfully load event [42;32mchannelCreate[0m
[40;32m[ 2/5/2023, 11:02:01 AM ]: Successfully load event [42;32mchannelDelete[0m
[40;32m[ 2/5/2023, 11:02:01 AM ]: Successfully load event [42;32mroleUpdate[0m
[40;32m[ 2/5/2023, 11:02:01 AM ]: Successfully load event [42;32mmessageCreate[0m
[40;32m[ 2/5/2023, 11:02:01 AM ]: Successfully load event [42;32minteractionCreate[0m
[40;32m[ 2/5/2023, 11:02:01 AM ]: Successfully load event [42;32minteractionCreate[0m
[ 2/5/2023, 11:02:03 AM ]: Ready! Login Bot: Mtkiao Bot#7353
[ 2/5/2023, 11:52:38 AM ]: dragon#5381 > /antinuke
[ 2/5/2023, 11:53:22 AM ]: dragon#5381 > /serverinfo
[ 2/5/2023, 6:56:12 PM ]: dragon#5381 > /scan
[ 2/5/2023, 11:33:54 PM ]: JCç¾½#8013 > /bullshit
[40;32m[ 2/6/2023, 1:37:12 PM ]: Successfully load command [42;32mleave_server[0m
[40;32m[ 2/6/2023, 1:37:12 PM ]: Successfully load command [42;32mlist_server[0m
[40;32m[ 2/6/2023, 1:37:13 PM ]: Successfully load command [42;32mbullshit[0m
[40;32m[ 2/6/2023, 1:37:14 PM ]: Successfully load command [42;32mauto_role[0m
[40;32m[ 2/6/2023, 1:37:14 PM ]: Successfully load command [42;32mban[0m
[40;32m[ 2/6/2023, 1:37:14 PM ]: Successfully load command [42;32mblacklist[0m
[40;32m[ 2/6/2023, 1:37:14 PM ]: Successfully load command [42;32mgive_everyone_role[0m
[40;32m[ 2/6/2023, 1:37:14 PM ]: Successfully load command [42;32mkick[0m
[40;32m[ 2/6/2023, 1:37:14 PM ]: Successfully load command [42;32mpurge[0m
[40;32m[ 2/6/2023, 1:37:14 PM ]: Successfully load command [42;32mset_cmd_channel[0m
[40;32m[ 2/6/2023, 1:37:14 PM ]: Successfully load command [42;32mticket[0m
[40;32m[ 2/6/2023, 1:37:14 PM ]: Successfully load command [42;32mtimeout[0m
[40;32m[ 2/6/2023, 1:37:14 PM ]: Successfully load command [42;32mtyping[0m
[40;32m[ 2/6/2023, 1:37:14 PM ]: Successfully load command [42;32mantinuke[0m
[40;32m[ 2/6/2023, 1:37:14 PM ]: Successfully load command [42;32mantispam[0m
[40;32m[ 2/6/2023, 1:37:14 PM ]: Successfully load command [42;32mscan[0m
[40;32m[ 2/6/2023, 1:37:14 PM ]: Successfully load command [42;32mavatar[0m
[40;32m[ 2/6/2023, 1:37:14 PM ]: Successfully load command [42;32mbotinfo[0m
[40;32m[ 2/6/2023, 1:37:15 PM ]: Successfully load command [42;32mhelp[0m
[40;32m[ 2/6/2023, 1:37:15 PM ]: Successfully load command [42;32minfo[0m
[40;32m[ 2/6/2023, 1:37:15 PM ]: Successfully load command [42;32mping[0m
[40;32m[ 2/6/2023, 1:37:16 PM ]: Successfully load command [42;32mrank[0m
[40;32m[ 2/6/2023, 1:37:16 PM ]: Successfully load command [42;32msetuplevel[0m
[40;32m[ 2/6/2023, 1:37:16 PM ]: Successfully load command [42;32mserverinfo[0m
[40;32m[ 2/6/2023, 1:37:17 PM ]: Successfully load command [42;32mtext[0m
[40;32m[ 2/6/2023, 1:37:17 PM ]: Successfully load event [42;32mguildMemberAdd[0m
[40;32m[ 2/6/2023, 1:37:17 PM ]: Successfully load event [42;32mguildMemberAdd[0m
[40;32m[ 2/6/2023, 1:37:17 PM ]: Successfully load event [42;32mmessageCreate[0m
[40;32m[ 2/6/2023, 1:37:17 PM ]: Successfully load event [42;32mmessageCreate[0m
[40;32m[ 2/6/2023, 1:37:17 PM ]: Successfully load event [42;32mchannelCreate[0m
[40;32m[ 2/6/2023, 1:37:17 PM ]: Successfully load event [42;32mchannelDelete[0m
[40;32m[ 2/6/2023, 1:37:17 PM ]: Successfully load event [42;32mroleUpdate[0m
[40;32m[ 2/6/2023, 1:37:17 PM ]: Successfully load event [42;32mmessageCreate[0m
[40;32m[ 2/6/2023, 1:37:17 PM ]: Successfully load event [42;32minteractionCreate[0m
[40;32m[ 2/6/2023, 1:37:17 PM ]: Successfully load event [42;32minteractionCreate[0m
[ 2/6/2023, 1:37:18 PM ]: Ready! Login Bot: Mtkiao Bot#7353
[ 2/7/2023, 9:58:33 AM ]: ã€ã‚¤ãƒ¼ãƒ–ã‚¤ã€‘ä¼Šå¸ƒ#9267 > /antispam
[ 2/7/2023, 9:59:12 AM ]: ã€ã‚¤ãƒ¼ãƒ–ã‚¤ã€‘ä¼Šå¸ƒ#9267 > /antispam
[ 2/7/2023, 10:00:08 AM ]: ã€ã‚¤ãƒ¼ãƒ–ã‚¤ã€‘ä¼Šå¸ƒ#9267 > /antinuke
[ 2/7/2023, 2:28:05 PM ]: mtkiao129#2443 > /list_server
[ 2/7/2023, 9:27:57 PM ]: TypeError: Cannot read properties of undefined (reading 'executor')
[ 2/8/2023, 12:17:17 PM ]: mtkiao129#2443 > /botinfo
[40;32m[ 2/8/2023, 12:28:59 PM ]: Successfully load command [42;32mleave_server[0m
[40;32m[ 2/8/2023, 12:28:59 PM ]: Successfully load command [42;32mlist_server[0m
[40;32m[ 2/8/2023, 12:29:00 PM ]: Successfully load command [42;32mbullshit[0m
[40;32m[ 2/8/2023, 12:29:01 PM ]: Successfully load command [42;32mauto_role[0m
[40;32m[ 2/8/2023, 12:29:01 PM ]: Successfully load command [42;32mban[0m
[40;32m[ 2/8/2023, 12:29:01 PM ]: Successfully load command [42;32mblacklist[0m
[40;32m[ 2/8/2023, 12:29:01 PM ]: Successfully load command [42;32mgive_everyone_role[0m
[40;32m[ 2/8/2023, 12:29:01 PM ]: Successfully load command [42;32mkick[0m
[40;32m[ 2/8/2023, 12:29:01 PM ]: Successfully load command [42;32mpurge[0m
[40;32m[ 2/8/2023, 12:29:01 PM ]: Successfully load command [42;32mset_cmd_channel[0m
[40;32m[ 2/8/2023, 12:29:01 PM ]: Successfully load command [42;32mticket[0m
[40;32m[ 2/8/2023, 12:29:01 PM ]: Successfully load command [42;32mtimeout[0m
[40;32m[ 2/8/2023, 12:29:01 PM ]: Successfully load command [42;32mtyping[0m
[40;32m[ 2/8/2023, 12:29:01 PM ]: Successfully load command [42;32mantinuke[0m
[40;32m[ 2/8/2023, 12:29:01 PM ]: Successfully load command [42;32mantispam[0m
[40;32m[ 2/8/2023, 12:29:01 PM ]: Successfully load command [42;32mscan[0m
[40;32m[ 2/8/2023, 12:29:01 PM ]: Successfully load command [42;32mavatar[0m
[40;32m[ 2/8/2023, 12:29:01 PM ]: Successfully load command [42;32mbotinfo[0m
[40;32m[ 2/8/2023, 12:29:01 PM ]: Successfully load command [42;32mhelp[0m
[40;32m[ 2/8/2023, 12:29:01 PM ]: Successfully load command [42;32minfo[0m
[40;32m[ 2/8/2023, 12:29:01 PM ]: Successfully load command [42;32mping[0m
[40;32m[ 2/8/2023, 12:29:03 PM ]: Successfully load command [42;32mrank[0m
[40;32m[ 2/8/2023, 12:29:03 PM ]: Successfully load command [42;32msetuplevel[0m
[40;32m[ 2/8/2023, 12:29:03 PM ]: Successfully load command [42;32mserverinfo[0m
[40;32m[ 2/8/2023, 12:29:03 PM ]: Successfully load command [42;32mtext[0m
[40;32m[ 2/8/2023, 12:29:03 PM ]: Successfully load event [42;32mguildMemberAdd[0m
[40;32m[ 2/8/2023, 12:29:03 PM ]: Successfully load event [42;32mguildMemberAdd[0m
[40;32m[ 2/8/2023, 12:29:03 PM ]: Successfully load event [42;32mmessageCreate[0m
[40;32m[ 2/8/2023, 12:29:03 PM ]: Successfully load event [42;32mmessageCreate[0m
[40;32m[ 2/8/2023, 12:29:03 PM ]: Successfully load event [42;32mchannelCreate[0m
[40;32m[ 2/8/2023, 12:29:03 PM ]: Successfully load event [42;32mchannelDelete[0m
[40;32m[ 2/8/2023, 12:29:03 PM ]: Successfully load event [42;32mroleUpdate[0m
[40;32m[ 2/8/2023, 12:29:03 PM ]: Successfully load event [42;32mmessageCreate[0m
[40;32m[ 2/8/2023, 12:29:03 PM ]: Successfully load event [42;32minteractionCreate[0m
[40;32m[ 2/8/2023, 12:29:03 PM ]: Successfully load event [42;32minteractionCreate[0m
[ 2/8/2023, 12:29:05 PM ]: Ready! Login Bot: Mtkiao Bot#7353
[ 2/8/2023, 12:29:11 PM ]: event > messageCreate
[40;32m[ 2/8/2023, 12:29:23 PM ]: Successfully load command [42;32mleave_server[0m
[40;32m[ 2/8/2023, 12:29:23 PM ]: Successfully load command [42;32mlist_server[0m
[40;32m[ 2/8/2023, 12:29:23 PM ]: Successfully load command [42;32mbullshit[0m
[40;32m[ 2/8/2023, 12:29:23 PM ]: Successfully load command [42;32mauto_role[0m
[40;32m[ 2/8/2023, 12:29:23 PM ]: Successfully load command [42;32mban[0m
[40;32m[ 2/8/2023, 12:29:23 PM ]: Successfully load command [42;32mblacklist[0m
[40;32m[ 2/8/2023, 12:29:23 PM ]: Successfully load command [42;32mgive_everyone_role[0m
[40;32m[ 2/8/2023, 12:29:23 PM ]: Successfully load command [42;32mkick[0m
[40;32m[ 2/8/2023, 12:29:23 PM ]: Successfully load command [42;32mpurge[0m
[40;32m[ 2/8/2023, 12:29:23 PM ]: Successfully load command [42;32mset_cmd_channel[0m
[40;32m[ 2/8/2023, 12:29:23 PM ]: Successfully load command [42;32mticket[0m
[40;32m[ 2/8/2023, 12:29:23 PM ]: Successfully load command [42;32mtimeout[0m
[40;32m[ 2/8/2023, 12:29:23 PM ]: Successfully load command [42;32mtyping[0m
[40;32m[ 2/8/2023, 12:29:23 PM ]: Successfully load command [42;32mantinuke[0m
[40;32m[ 2/8/2023, 12:29:23 PM ]: Successfully load command [42;32mantispam[0m
[40;32m[ 2/8/2023, 12:29:23 PM ]: Successfully load command [42;32mscan[0m
[40;32m[ 2/8/2023, 12:29:23 PM ]: Successfully load command [42;32mavatar[0m
[40;32m[ 2/8/2023, 12:29:23 PM ]: Successfully load command [42;32mbotinfo[0m
[40;32m[ 2/8/2023, 12:29:23 PM ]: Successfully load command [42;32mhelp[0m
[40;32m[ 2/8/2023, 12:29:23 PM ]: Successfully load command [42;32minfo[0m
[40;32m[ 2/8/2023, 12:29:23 PM ]: Successfully load command [42;32mping[0m
[40;32m[ 2/8/2023, 12:29:24 PM ]: Successfully load command [42;32mrank[0m
[40;32m[ 2/8/2023, 12:29:24 PM ]: Successfully load command [42;32msetuplevel[0m
[40;32m[ 2/8/2023, 12:29:24 PM ]: Successfully load command [42;32mserverinfo[0m
[40;32m[ 2/8/2023, 12:29:24 PM ]: Successfully load command [42;32mtext[0m
[40;32m[ 2/8/2023, 12:29:24 PM ]: Successfully load event [42;32mguildMemberAdd[0m
[40;32m[ 2/8/2023, 12:29:24 PM ]: Successfully load event [42;32mguildMemberAdd[0m
[40;32m[ 2/8/2023, 12:29:24 PM ]: Successfully load event [42;32mmessageCreate[0m
[40;32m[ 2/8/2023, 12:29:24 PM ]: Successfully load event [42;32mmessageCreate[0m
[40;32m[ 2/8/2023, 12:29:24 PM ]: Successfully load event [42;32mchannelCreate[0m
[40;32m[ 2/8/2023, 12:29:24 PM ]: Successfully load event [42;32mchannelDelete[0m
[40;32m[ 2/8/2023, 12:29:24 PM ]: Successfully load event [42;32mroleUpdate[0m
[40;32m[ 2/8/2023, 12:29:24 PM ]: Successfully load event [42;32mmessageCreate[0m
[40;32m[ 2/8/2023, 12:29:24 PM ]: Successfully load event [42;32minteractionCreate[0m
[40;32m[ 2/8/2023, 12:29:24 PM ]: Successfully load event [42;32minteractionCreate[0m
[ 2/8/2023, 12:29:25 PM ]: Ready! Login Bot: Mtkiao Bot#7353
[ 2/8/2023, 12:29:30 PM ]: event > messageCreate
[40;32m[ 2/8/2023, 12:30:50 PM ]: Successfully load command [42;32mleave_server[0m
[40;32m[ 2/8/2023, 12:30:50 PM ]: Successfully load command [42;32mlist_server[0m
[40;32m[ 2/8/2023, 12:30:50 PM ]: Successfully load command [42;32mbullshit[0m
[40;32m[ 2/8/2023, 12:30:50 PM ]: Successfully load command [42;32mauto_role[0m
[40;32m[ 2/8/2023, 12:30:50 PM ]: Successfully load command [42;32mban[0m
[40;32m[ 2/8/2023, 12:30:50 PM ]: Successfully load command [42;32mblacklist[0m
[40;32m[ 2/8/2023, 12:30:50 PM ]: Successfully load command [42;32mgive_everyone_role[0m
[40;32m[ 2/8/2023, 12:30:50 PM ]: Successfully load command [42;32mkick[0m
[40;32m[ 2/8/2023, 12:30:50 PM ]: Successfully load command [42;32mpurge[0m
[40;32m[ 2/8/2023, 12:30:50 PM ]: Successfully load command [42;32mset_cmd_channel[0m
[40;32m[ 2/8/2023, 12:30:50 PM ]: Successfully load command [42;32mticket[0m
[40;32m[ 2/8/2023, 12:30:50 PM ]: Successfully load command [42;32mtimeout[0m
[40;32m[ 2/8/2023, 12:30:50 PM ]: Successfully load command [42;32mtyping[0m
[40;32m[ 2/8/2023, 12:30:50 PM ]: Successfully load command [42;32mantinuke[0m
[40;32m[ 2/8/2023, 12:30:50 PM ]: Successfully load command [42;32mantispam[0m
[40;32m[ 2/8/2023, 12:30:50 PM ]: Successfully load command [42;32mscan[0m
[40;32m[ 2/8/2023, 12:30:50 PM ]: Successfully load command [42;32mavatar[0m
[40;32m[ 2/8/2023, 12:30:50 PM ]: Successfully load command [42;32mbotinfo[0m
[40;32m[ 2/8/2023, 12:30:50 PM ]: Successfully load command [42;32mhelp[0m
[40;32m[ 2/8/2023, 12:30:51 PM ]: Successfully load command [42;32minfo[0m
[40;32m[ 2/8/2023, 12:30:51 PM ]: Successfully load command [42;32mping[0m
[40;32m[ 2/8/2023, 12:30:51 PM ]: Successfully load command [42;32mrank[0m
[40;32m[ 2/8/2023, 12:30:51 PM ]: Successfully load command [42;32msetuplevel[0m
[40;32m[ 2/8/2023, 12:30:51 PM ]: Successfully load command [42;32mserverinfo[0m
[40;32m[ 2/8/2023, 12:30:51 PM ]: Successfully load command [42;32mtext[0m
[40;32m[ 2/8/2023, 12:30:51 PM ]: Successfully load event [42;32mguildMemberAdd[0m
[40;32m[ 2/8/2023, 12:30:51 PM ]: Successfully load event [42;32mguildMemberAdd[0m
[40;32m[ 2/8/2023, 12:30:51 PM ]: Successfully load event [42;32mmessageCreate[0m
[40;32m[ 2/8/2023, 12:30:51 PM ]: Successfully load event [42;32mmessageCreate[0m
[40;32m[ 2/8/2023, 12:30:51 PM ]: Successfully load event [42;32mchannelCreate[0m
[40;32m[ 2/8/2023, 12:30:51 PM ]: Successfully load event [42;32mchannelDelete[0m
[40;32m[ 2/8/2023, 12:30:51 PM ]: Successfully load event [42;32mroleUpdate[0m
[40;32m[ 2/8/2023, 12:30:51 PM ]: Successfully load event [42;32mmessageCreate[0m
[40;32m[ 2/8/2023, 12:30:51 PM ]: Successfully load event [42;32minteractionCreate[0m
[40;32m[ 2/8/2023, 12:30:51 PM ]: Successfully load event [42;32minteractionCreate[0m
[ 2/8/2023, 12:30:53 PM ]: Ready! Login Bot: Mtkiao Bot#7353
[ 2/8/2023, 12:30:55 PM ]: event > messageCreate
[ 2/8/2023, 12:30:55 PM ]: event > messageCreate
[ 2/8/2023, 12:30:55 PM ]: event > messageCreate
[ 2/8/2023, 12:31:07 PM ]: event > messageCreate
[ 2/8/2023, 12:31:07 PM ]: event > messageCreate
[ 2/8/2023, 12:31:07 PM ]: event > messageCreate
